
---------------------------------------

Reading document : Start.
Reading document : End.

---------------------------------------

Verifying document : Start.
Verifying document : End.

---------------------------------------

Machine initialization : Start.
Machine initialization : End.

---------------------------------------


Generating NC code file : Start.

Information: ** activity Manufacturing Program.1 : INIT. ** 

Information: ** activity Turning Tool Change.1 : INIT. ** 
Information: ** Machining and total time  : 0s , 0s . ** 
Information: ** activity Turning Tool Change.1 : END . ** 

Information: ** activity Rough Turning.1 : INIT. ** 
Information: ** Machining and total time  : 28mn 26s , 28mn 26s . ** 
Information: ** activity Rough Turning.1 : END . ** 

Information: ** activity Rough Turning.2 : INIT. ** 
Information: ** Machining and total time  : 2mn 25s , 2mn 25s . ** 
Information: ** activity Rough Turning.2 : END . ** 

Information: ** activity Turning Tool Change.2 : INIT. ** 
Information: ** Machining and total time  : 0s , 0s . ** 
Information: ** activity Turning Tool Change.2 : END . ** 

Information: ** activity Groove Turning.1 : INIT. ** 
Information: ** Machining and total time  : 5mn 46s , 5mn 46s . ** 
Information: ** activity Groove Turning.1 : END . ** 

Information: ** activity Turning Tool Change.3 : INIT. ** 
Information: ** Machining and total time  : 0s , 0s . ** 
Information: ** activity Turning Tool Change.3 : END . ** 

Information: ** activity Profile Finish Turning.1 : INIT. ** 
Information: ** Machining and total time  : 4mn 13s , 4mn 13s . ** 
Information: ** activity Profile Finish Turning.1 : END . ** 
Information: ** activity Manufacturing Program.1 : END . ** 
Generating NC code file : End.

---------------------------------------

Generating ISO file : Debut.
Generating ISO file : End.

---------------------------------------

End of Batch.

---------------------------------------

