
---------------------------------------

Reading document : Start.
Reading document : End.

---------------------------------------

Verifying document : Start.
Verifying document : End.

---------------------------------------

Machine initialization : Start.
Warning : Machine : PP Word Table not found at the specified place  
Machine initialization : End.

---------------------------------------


Generating NC code file : Start.

Information: ** activity Manufacturing Program.1 : INIT. ** 

Information: ** activity Tool Change.1 : INIT. ** 
Information: ** Machining and total time  : 0s , 0s . ** 
Information: ** activity Tool Change.1 : END . ** 

Information: ** activity Pocketing.1 : INIT. ** 
Information: ** Machining and total time  : 41mn 25s , 42mn 32s . ** 
Information: ** activity Pocketing.1 : END . ** 

Information: ** activity Tool Change.2 : INIT. ** 
Information: ** Machining and total time  : 0s , 0s . ** 
Information: ** activity Tool Change.2 : END . ** 

Information: ** activity Drilling.1 : INIT. ** 
Information: ** Machining and total time  : 1mn 50s , 1mn 50s . ** 
Information: ** activity Drilling.1 : END . ** 

Information: ** activity Tool Change.3 : INIT. ** 
Information: ** Machining and total time  : 0s , 0s . ** 
Information: ** activity Tool Change.3 : END . ** 

Information: ** activity Curve Following.1 : INIT. ** 
Information: ** Machining and total time  : 6mn 48s , 6mn 50s . ** 
Information: ** activity Curve Following.1 : END . ** 

Information: ** activity Tool Change.4 : INIT. ** 
Information: ** Machining and total time  : 0s , 0s . ** 
Information: ** activity Tool Change.4 : END . ** 

Information: ** activity Facing.1 : INIT. ** 
Information: ** Machining and total time  : 1mn 1s , 1mn 3s . ** 
Information: ** activity Facing.1 : END . ** 
Information: ** activity Manufacturing Program.1 : END . ** 
Generating NC code file : End.

---------------------------------------

Generating ISO file : Debut.
Generating ISO file : End.

---------------------------------------

End of Batch.

---------------------------------------

